#
# A fatal error has been detected by the Java Runtime Environment:
#
#  EXCEPTION_ACCESS_VIOLATION (0xc0000005) at pc=0x0000000062e18f01, pid=5208, tid=0x000000000000345c
#
# JRE version: OpenJDK Runtime Environment (8.0_382-b05) (build 1.8.0_382-382-b05)
# Java VM: OpenJDK 64-Bit Server VM (25.382-b05 mixed mode windows-amd64 compressed oops)
# Problematic frame:
# V  [jvm.dll+0x138f01]
#
# Failed to write core dump. Minidumps are not enabled by default on client versions of Windows
#
# If you would like to submit a bug report, please visit:
#   http://bugreport.java.com/bugreport/crash.jsp
#

---------------  T H R E A D  ---------------

Current thread (0x000000000241e000):  JavaThread "main" [_thread_in_vm, id=13404, stack(0x0000000002420000,0x0000000002520000)]

siginfo: ExceptionCode=0xc0000005, reading address 0x0000000000000000

Registers:
RAX=0x0000000000000000, RBX=0x000000000241e000, RCX=0x000000000241e000, RDX=0x00000000d76066c0
RSP=0x000000000251df70, RBP=0x0000000000000000, RSI=0x000000000251e058, RDI=0x000000000241e260
R8 =0x0000000000000000, R9 =0x0000000063580000, R10=0x0000000000000000, R11=0x0000000000000200
R12=0x0000000000000000, R13=0x0000000016ad88e8, R14=0x0000000000000000, R15=0x000000000241e000
RIP=0x0000000062e18f01, EFLAGS=0x0000000000010246

Top of Stack: (sp=0x000000000251df70)
0x000000000251df70:   00007ff9620a0878 0000000062e1fa7c
0x000000000251df80:   0000000000000000 0000000002611f30
0x000000000251df90:   000000000241e000 00007ff9620a0850
0x000000000251dfa0:   00007ff9620a0878 000000000000000b
0x000000000251dfb0:   0000000000009b69 000000000241e000
0x000000000251dfc0:   000000000241e8c8 000000000000062e
0x000000000251dfd0:   000000006330b788 0000000062e1fdaf
0x000000000251dfe0:   000000000241e000 000000001e7bb4fa
0x000000000251dff0:   0000000002611f30 00007ff9620a0878
0x000000000251e000:   000000000241e000 0000000000000000
0x000000000251e010:   000000000241e000 0000000063488c10
0x000000000251e020:   000000000241e260 00007ff962050000
0x000000000251e030:   0000000002611f30 00007ff962071cfa
0x000000000251e040:   0000000002611f30 00007ff962050000
0x000000000251e050:   0000000000000000 0000000063580000
0x000000000251e060:   000000000251e110 0000000002638a07 

Instructions: (pc=0x0000000062e18f01)
0x0000000062e18ee1:   4c 24 48 e8 a7 1a 13 00 48 8b 84 24 e0 00 00 00
0x0000000062e18ef1:   c7 44 24 38 0b 00 00 00 48 8d b4 24 e8 00 00 00
0x0000000062e18f01:   48 8b 08 48 89 74 24 30 48 8b 51 08 48 8d 4c 24
0x0000000062e18f11:   68 0f b7 42 24 48 8b 52 08 48 8b 54 c2 50 e8 2c 


Register to memory mapping:

RAX=0x0000000000000000 is an unknown value
RBX=0x000000000241e000 is a thread
RCX=0x000000000241e000 is a thread
RDX=0x00000000d76066c0 is an oop
java.lang.NoSuchMethodError 
 - klass: 'java/lang/NoSuchMethodError'
RSP=0x000000000251df70 is pointing into the stack for thread: 0x000000000241e000
RBP=0x0000000000000000 is an unknown value
RSI=0x000000000251e058 is pointing into the stack for thread: 0x000000000241e000
RDI=0x000000000241e260 is an unknown value
R8 =0x0000000000000000 is an unknown value
R9 =0x0000000063580000 is an unknown value
R10=0x0000000000000000 is an unknown value
R11=0x0000000000000200 is an unknown value
R12=0x0000000000000000 is an unknown value
R13={method} {0x0000000016ad88f0} 'nGetModuleHandle' '(J)J' in 'org/lwjgl/system/windows/WinBase'
R14=0x0000000000000000 is an unknown value
R15=0x000000000241e000 is a thread


Stack: [0x0000000002420000,0x0000000002520000],  sp=0x000000000251df70,  free space=1015k
Native frames: (J=compiled Java code, j=interpreted, Vv=VM code, C=native code)

Java frames: (J=compiled Java code, j=interpreted, Vv=VM code)
j  org.lwjgl.system.windows.WinBase.nGetModuleHandle(J)J+0
j  org.lwjgl.system.windows.WinBase.GetModuleHandle(Ljava/nio/ByteBuffer;)J+14
j  org.lwjgl.system.windows.WindowsLibrary.<clinit>()V+13
v  ~StubRoutines::call_stub
j  org.lwjgl.system.APIUtil.apiCreateLibrary(Ljava/lang/String;)Lorg/lwjgl/system/SharedLibrary;+36
j  org.lwjgl.system.Library.loadNative(Ljava/lang/Class;Ljava/lang/String;Ljava/lang/String;ZLjava/lang/String;Ljava/lang/String;)Lorg/lwjgl/system/SharedLibrary;+65
j  org.lwjgl.system.Library.loadNativeFromLibraryPath(Ljava/lang/Class;Ljava/lang/String;Ljava/lang/String;Z)Lorg/lwjgl/system/SharedLibrary;+29
j  org.lwjgl.system.Library.loadNative(Ljava/lang/Class;Ljava/lang/String;Ljava/lang/String;ZZ)Lorg/lwjgl/system/SharedLibrary;+217
j  org.lwjgl.system.Library.loadNative(Ljava/lang/Class;Ljava/lang/String;Ljava/lang/String;Z)Lorg/lwjgl/system/SharedLibrary;+5
j  org.lwjgl.glfw.GLFW.<clinit>()V+19
v  ~StubRoutines::call_stub
j  ru.spike.util.WindowManager.init()V+8
j  ru.spike.util.Launcher.main([Ljava/lang/String;)V+23
v  ~StubRoutines::call_stub

---------------  P R O C E S S  ---------------

Java Threads: ( => current thread )
  0x0000000016f9e800 JavaThread "Service Thread" daemon [_thread_blocked, id=5716, stack(0x0000000018cb0000,0x0000000018db0000)]
  0x0000000016f53000 JavaThread "C1 CompilerThread2" daemon [_thread_blocked, id=12048, stack(0x00000000187b0000,0x00000000188b0000)]
  0x0000000016f52000 JavaThread "C2 CompilerThread1" daemon [_thread_blocked, id=4048, stack(0x00000000186b0000,0x00000000187b0000)]
  0x0000000016f4e800 JavaThread "C2 CompilerThread0" daemon [_thread_blocked, id=7744, stack(0x00000000185b0000,0x00000000186b0000)]
  0x0000000016f44000 JavaThread "Attach Listener" daemon [_thread_blocked, id=9200, stack(0x00000000184b0000,0x00000000185b0000)]
  0x0000000016f43000 JavaThread "Signal Dispatcher" daemon [_thread_blocked, id=12756, stack(0x00000000183b0000,0x00000000184b0000)]
  0x000000000261a800 JavaThread "Finalizer" daemon [_thread_blocked, id=3560, stack(0x00000000181a0000,0x00000000182a0000)]
  0x0000000002612800 JavaThread "Reference Handler" daemon [_thread_blocked, id=10620, stack(0x00000000180a0000,0x00000000181a0000)]
=>0x000000000241e000 JavaThread "main" [_thread_in_vm, id=13404, stack(0x0000000002420000,0x0000000002520000)]

Other Threads:
  0x0000000016f05800 VMThread [stack: 0x0000000017fa0000,0x00000000180a0000] [id=2512]
  0x00000000188f3800 WatcherThread [stack: 0x0000000018db0000,0x0000000018eb0000] [id=8700]

VM state:not at safepoint (normal execution)

VM Mutex/Monitor currently owned by a thread: None

heap address: 0x0000000085200000, size: 1966 MB, Compressed Oops mode: 32-bit
Narrow klass base: 0x0000000000000000, Narrow klass shift: 3
Compressed class space size: 1073741824 Address: 0x0000000100000000

Heap:
 PSYoungGen      total 36864K, used 5766K [0x00000000d7100000, 0x00000000d9a00000, 0x0000000100000000)
  eden space 31744K, 18% used [0x00000000d7100000,0x00000000d76a1b78,0x00000000d9000000)
  from space 5120K, 0% used [0x00000000d9500000,0x00000000d9500000,0x00000000d9a00000)
  to   space 5120K, 0% used [0x00000000d9000000,0x00000000d9000000,0x00000000d9500000)
 ParOldGen       total 84992K, used 0K [0x0000000085200000, 0x000000008a500000, 0x00000000d7100000)
  object space 84992K, 0% used [0x0000000085200000,0x0000000085200000,0x000000008a500000)
 Metaspace       used 5975K, capacity 6170K, committed 6528K, reserved 1056768K
  class space    used 698K, capacity 788K, committed 896K, reserved 1048576K

Card table byte_map: [0x00000000119e0000,0x0000000011dc0000] byte_map_base: 0x00000000115b7000

Marking Bits: (ParMarkBitMap*) 0x00000000634f6440
 Begin Bits: [0x0000000012450000, 0x0000000014308000)
 End Bits:   [0x0000000014308000, 0x00000000161c0000)

Polling page: 0x0000000002320000

CodeCache: size=245760Kb used=1910Kb max_used=1913Kb free=243850Kb
 bounds [0x0000000002620000, 0x0000000002890000, 0x0000000011620000]
 total_blobs=752 nmethods=432 adapters=233
 compilation: enabled

Compilation events (10 events):
Event: 0.202 Thread 0x0000000016f53000  426       1       sun.nio.ch.NativeThread::current (2 bytes)
Event: 0.202 Thread 0x0000000016f53000 nmethod 426 0x00000000027ff050 code [0x00000000027ff1a0, 0x00000000027ff290]
Event: 0.202 Thread 0x0000000016f53000  428       1       java.nio.HeapByteBuffer::isReadOnly (2 bytes)
Event: 0.202 Thread 0x0000000016f53000 nmethod 428 0x00000000027fed90 code [0x00000000027feee0, 0x00000000027feff0]
Event: 0.202 Thread 0x0000000016f53000  429       1       java.nio.DirectByteBuffer::isDirect (2 bytes)
Event: 0.202 Thread 0x0000000016f53000 nmethod 429 0x00000000027fead0 code [0x00000000027fec20, 0x00000000027fed30]
Event: 0.203 Thread 0x0000000016f53000  430       3       java.nio.Buffer::flip (20 bytes)
Event: 0.203 Thread 0x0000000016f53000 nmethod 430 0x00000000027fe790 code [0x00000000027fe8e0, 0x00000000027fea50]
Event: 0.204 Thread 0x0000000016f53000  431       3       java.util.BitSet::get (69 bytes)
Event: 0.204 Thread 0x0000000016f53000 nmethod 431 0x00000000027fd710 code [0x00000000027fd900, 0x00000000027fe2c8]

GC Heap History (0 events):
No events

Deoptimization events (0 events):
No events

Classes redefined (0 events):
No events

Internal exceptions (10 events):
Event: 0.077 Thread 0x000000000241e000 Exception <a 'java/security/PrivilegedActionException'> (0x00000000d725f2b8) thrown at [c:/openjdk/jdk8u/hotspot\src\share\vm\prims\jvm.cpp, line 1514]
Event: 0.077 Thread 0x000000000241e000 Exception <a 'java/security/PrivilegedActionException'> (0x00000000d725f4c8) thrown at [c:/openjdk/jdk8u/hotspot\src\share\vm\prims\jvm.cpp, line 1514]
Event: 0.097 Thread 0x000000000241e000 Exception <a 'java/lang/NoSuchMethodError': java.lang.Object.lambda$static$0(Ljava/lang/String;)Ljava/lang/Boolean;> (0x00000000d72e6d50) thrown at [c:/openjdk/jdk8u/hotspot\src\share\vm\interpreter\linkResolver.cpp, line 620]
Event: 0.106 Thread 0x000000000241e000 Exception <a 'java/lang/NoSuchFieldError': method resolution failed> (0x00000000d735eb30) thrown at [c:/openjdk/jdk8u/hotspot\src\share\vm\prims\methodHandles.cpp, line 1194]
Event: 0.108 Thread 0x000000000241e000 Exception <a 'java/lang/NoSuchFieldError': method resolution failed> (0x00000000d736bf60) thrown at [c:/openjdk/jdk8u/hotspot\src\share\vm\prims\methodHandles.cpp, line 1194]
Event: 0.156 Thread 0x000000000241e000 Exception <a 'sun/nio/fs/WindowsException'> (0x00000000d74e5e58) thrown at [c:/openjdk/jdk8u/hotspot\src\share\vm\prims\jni.cpp, line 709]
Event: 0.156 Thread 0x000000000241e000 Exception <a 'sun/nio/fs/WindowsException'> (0x00000000d74e6730) thrown at [c:/openjdk/jdk8u/hotspot\src\share\vm\prims\jni.cpp, line 709]
Event: 0.204 Thread 0x000000000241e000 Exception <a 'sun/nio/fs/WindowsException'> (0x00000000d75f49b0) thrown at [c:/openjdk/jdk8u/hotspot\src\share\vm\prims\jni.cpp, line 709]
Event: 0.204 Thread 0x000000000241e000 Exception <a 'sun/nio/fs/WindowsException'> (0x00000000d75f50c0) thrown at [c:/openjdk/jdk8u/hotspot\src\share\vm\prims\jni.cpp, line 709]
Event: 0.205 Thread 0x000000000241e000 Exception <a 'java/lang/NoSuchMethodError': setupEnvData> (0x00000000d76066c0) thrown at [c:/openjdk/jdk8u/hotspot\src\share\vm\prims\jni.cpp, line 1582]

Events (10 events):
Event: 0.204 loading class org/lwjgl/system/APIUtil$1
Event: 0.204 loading class org/lwjgl/system/APIUtil$1 done
Event: 0.204 loading class org/lwjgl/system/windows/WindowsLibrary
Event: 0.204 loading class org/lwjgl/system/windows/WindowsLibrary done
Event: 0.204 loading class org/lwjgl/system/SharedLibrary$Default
Event: 0.204 loading class org/lwjgl/system/SharedLibrary$Default done
Event: 0.205 loading class org/lwjgl/system/windows/WinBase
Event: 0.205 loading class org/lwjgl/system/windows/WinBase done
Event: 0.205 loading class org/lwjgl/system/ThreadLocalUtil
Event: 0.205 loading class org/lwjgl/system/ThreadLocalUtil done


Dynamic libraries:
0x00007ff6ead60000 - 0x00007ff6ead96000 	C:\Program Files\JetBrains\openlogic-openjdk-8u382-b05-windows-64\bin\java.exe
0x00007ff9759b0000 - 0x00007ff975ba8000 	C:\WINDOWS\SYSTEM32\ntdll.dll
0x00007ff974a20000 - 0x00007ff974adf000 	C:\WINDOWS\System32\KERNEL32.DLL
0x00007ff9736e0000 - 0x00007ff9739b2000 	C:\WINDOWS\System32\KERNELBASE.dll
0x00007ff974430000 - 0x00007ff9744de000 	C:\WINDOWS\System32\ADVAPI32.dll
0x00007ff973ae0000 - 0x00007ff973b7e000 	C:\WINDOWS\System32\msvcrt.dll
0x00007ff9757a0000 - 0x00007ff97583c000 	C:\WINDOWS\System32\sechost.dll
0x00007ff975840000 - 0x00007ff975965000 	C:\WINDOWS\System32\RPCRT4.dll
0x00007ff974540000 - 0x00007ff9746e1000 	C:\WINDOWS\System32\USER32.dll
0x00007ff9735b0000 - 0x00007ff9735d2000 	C:\WINDOWS\System32\win32u.dll
0x00007ff973cb0000 - 0x00007ff973cdb000 	C:\WINDOWS\System32\GDI32.dll
0x00007ff9732c0000 - 0x00007ff9733cf000 	C:\WINDOWS\System32\gdi32full.dll
0x00007ff9733d0000 - 0x00007ff97346d000 	C:\WINDOWS\System32\msvcp_win.dll
0x00007ff9735e0000 - 0x00007ff9736e0000 	C:\WINDOWS\System32\ucrtbase.dll
0x00007ff96c450000 - 0x00007ff96c6ea000 	C:\WINDOWS\WinSxS\amd64_microsoft.windows.common-controls_6595b64144ccf1df_6.0.19041.1110_none_60b5254171f9507e\COMCTL32.dll
0x00007ff9747c0000 - 0x00007ff9747f2000 	C:\WINDOWS\System32\IMM32.DLL
0x0000000063580000 - 0x0000000063651000 	C:\Program Files\JetBrains\openlogic-openjdk-8u382-b05-windows-64\jre\bin\msvcr100.dll
0x0000000062ce0000 - 0x0000000063578000 	C:\Program Files\JetBrains\openlogic-openjdk-8u382-b05-windows-64\jre\bin\server\jvm.dll
0x00007ff9739f0000 - 0x00007ff9739f8000 	C:\WINDOWS\System32\PSAPI.DLL
0x00007ff95fc90000 - 0x00007ff95fc99000 	C:\WINDOWS\SYSTEM32\WSOCK32.dll
0x00007ff9752e0000 - 0x00007ff97534b000 	C:\WINDOWS\System32\WS2_32.dll
0x00007ff955730000 - 0x00007ff955757000 	C:\WINDOWS\SYSTEM32\WINMM.dll
0x00007ff96d510000 - 0x00007ff96d51a000 	C:\WINDOWS\SYSTEM32\VERSION.dll
0x00007ff961bf0000 - 0x00007ff961bff000 	C:\Program Files\JetBrains\openlogic-openjdk-8u382-b05-windows-64\jre\bin\verify.dll
0x00007ff954490000 - 0x00007ff9544b9000 	C:\Program Files\JetBrains\openlogic-openjdk-8u382-b05-windows-64\jre\bin\java.dll
0x00007ff95e880000 - 0x00007ff95e897000 	C:\Program Files\JetBrains\openlogic-openjdk-8u382-b05-windows-64\jre\bin\zip.dll
0x00007ff973ce0000 - 0x00007ff974425000 	C:\WINDOWS\System32\SHELL32.dll
0x00007ff971d60000 - 0x00007ff9724f2000 	C:\WINDOWS\SYSTEM32\windows.storage.dll
0x00007ff975350000 - 0x00007ff9756a5000 	C:\WINDOWS\System32\combase.dll
0x00007ff972a20000 - 0x00007ff972a50000 	C:\WINDOWS\SYSTEM32\Wldp.dll
0x00007ff974bc0000 - 0x00007ff974c6d000 	C:\WINDOWS\System32\SHCORE.dll
0x00007ff975740000 - 0x00007ff975795000 	C:\WINDOWS\System32\shlwapi.dll
0x00007ff972fe0000 - 0x00007ff972fff000 	C:\WINDOWS\SYSTEM32\profapi.dll
0x00007ff95c940000 - 0x00007ff95c95b000 	C:\Program Files\JetBrains\openlogic-openjdk-8u382-b05-windows-64\jre\bin\net.dll
0x00007ff971c90000 - 0x00007ff971cfa000 	C:\WINDOWS\system32\mswsock.dll
0x00007ff95c5d0000 - 0x00007ff95c5e1000 	C:\Program Files\JetBrains\openlogic-openjdk-8u382-b05-windows-64\jre\bin\nio.dll
0x00007ff962050000 - 0x00007ff9620ca000 	C:\Users\Sorry\AppData\Local\Temp\lwjgl_Sorry\3.3.2-snapshot\x64\lwjgl.dll
0x00007ff95c0e0000 - 0x00007ff95c2c4000 	C:\WINDOWS\SYSTEM32\dbghelp.dll
0x00007ff973470000 - 0x00007ff9734f2000 	C:\WINDOWS\System32\bcryptPrimitives.dll

VM Arguments:
jvm_args: -Dfile.encoding=windows-1251 
java_command: C:\Users\Sorry\IdeaProjects\LWGLTest\build\libs\LWGLTest-1.0-obf.jar
java_class_path (initial): C:\Users\Sorry\IdeaProjects\LWGLTest\build\libs\LWGLTest-1.0-obf.jar
Launcher Type: SUN_STANDARD

Environment Variables:
PATH=C:\Program Files (x86)\Common Files\Oracle\Java\javapath;C:\app\Podolsksud\product\11.2.0\client_1\bin;C:\WINDOWS\system32;C:\WINDOWS;C:\WINDOWS\System32\Wbem;C:\WINDOWS\System32\WindowsPowerShell\v1.0\;C:\WINDOWS\System32\OpenSSH\;C:\AGORA-SOFT\Justice\Client;C:\Program Files (x86)\EOS\PB10DK\;C:\Program Files\PuTTY\;C:\Program Files\nodejs\;C:\Program Files (x86)\Print Conductor;C:\Users\Sorry\AppData\Local\Microsoft\WindowsApps;C:\Program Files (x86)\Print Conductor;C:\Program Files\JetBrains\IntelliJ IDEA Community Edition 2023.2.1\bin;
USERNAME=Sorry
OS=Windows_NT
PROCESSOR_IDENTIFIER=Intel64 Family 6 Model 158 Stepping 11, GenuineIntel



---------------  S Y S T E M  ---------------

OS: Windows 10 , 64 bit Build 19041 (10.0.19041.2546)

CPU:total 4 (initial active 4) (4 cores per cpu, 1 threads per core) family 6 model 158 stepping 11, cmov, cx8, fxsr, mmx, sse, sse2, sse3, ssse3, sse4.1, sse4.2, popcnt, avx, avx2, aes, clmul, erms, 3dnowpref, lzcnt, tsc, tscinvbit, bmi1, bmi2, adx

Memory: 4k page, physical 8049208k(1347528k free), swap 13652568k(2441264k free)

vm_info: OpenJDK 64-Bit Server VM (25.382-b05) for windows-amd64 JRE (1.8.0_382-382-b05), built on Jul 25 2023 07:06:50 by "Administrator" with MS VC++ 10.0 (VS2010)

time: Thu Sep 21 14:55:59 2023
timezone: RTZ 2 (зима)
elapsed time: 0.217964 seconds (0d 0h 0m 0s)

